2014-04-16 09:18:06,155 INFO org.apache.hadoop.hdfs.server.namenode.NameNode: STARTUP_MSG: 
/************************************************************
STARTUP_MSG: Starting NameNode
STARTUP_MSG:   host = asusnotebook/127.0.0.1
STARTUP_MSG:   args = []
STARTUP_MSG:   version = 0.20.205.0
STARTUP_MSG:   build = https://svn.apache.org/repos/asf/hadoop/common/branches/branch-0.20-security-205 -r 1179940; compiled by 'hortonfo' on Fri Oct  7 06:26:14 UTC 2011
************************************************************/
2014-04-16 09:18:06,301 INFO org.apache.hadoop.metrics2.impl.MetricsConfig: loaded properties from hadoop-metrics2.properties
2014-04-16 09:18:06,322 INFO org.apache.hadoop.metrics2.impl.MetricsSourceAdapter: MBean for source MetricsSystem,sub=Stats registered.
2014-04-16 09:18:06,335 INFO org.apache.hadoop.metrics2.impl.MetricsSystemImpl: Scheduled snapshot period at 10 second(s).
2014-04-16 09:18:06,335 INFO org.apache.hadoop.metrics2.impl.MetricsSystemImpl: NameNode metrics system started
2014-04-16 09:18:06,499 INFO org.apache.hadoop.metrics2.impl.MetricsSourceAdapter: MBean for source ugi registered.
2014-04-16 09:18:06,504 WARN org.apache.hadoop.metrics2.impl.MetricsSystemImpl: Source name ugi already exists!
2014-04-16 09:18:06,509 INFO org.apache.hadoop.metrics2.impl.MetricsSourceAdapter: MBean for source jvm registered.
2014-04-16 09:18:06,510 INFO org.apache.hadoop.metrics2.impl.MetricsSourceAdapter: MBean for source NameNode registered.
2014-04-16 09:18:06,529 INFO org.apache.hadoop.hdfs.util.GSet: VM type       = 64-bit
2014-04-16 09:18:06,529 INFO org.apache.hadoop.hdfs.util.GSet: 2% max memory = 17.78 MB
2014-04-16 09:18:06,529 INFO org.apache.hadoop.hdfs.util.GSet: capacity      = 2^21 = 2097152 entries
2014-04-16 09:18:06,529 INFO org.apache.hadoop.hdfs.util.GSet: recommended=2097152, actual=2097152
2014-04-16 09:18:06,548 INFO org.apache.hadoop.hdfs.server.namenode.FSNamesystem: fsOwner=MaC
2014-04-16 09:18:06,548 INFO org.apache.hadoop.hdfs.server.namenode.FSNamesystem: supergroup=supergroup
2014-04-16 09:18:06,548 INFO org.apache.hadoop.hdfs.server.namenode.FSNamesystem: isPermissionEnabled=true
2014-04-16 09:18:06,553 INFO org.apache.hadoop.hdfs.server.namenode.FSNamesystem: dfs.block.invalidate.limit=100
2014-04-16 09:18:06,553 INFO org.apache.hadoop.hdfs.server.namenode.FSNamesystem: isAccessTokenEnabled=false accessKeyUpdateInterval=0 min(s), accessTokenLifetime=0 min(s)
2014-04-16 09:18:06,575 INFO org.apache.hadoop.hdfs.server.namenode.FSNamesystem: Registered FSNamesystemStateMBean and NameNodeMXBean
2014-04-16 09:18:06,598 INFO org.apache.hadoop.hdfs.server.namenode.NameNode: Caching file names occuring more than 10 times 
2014-04-16 09:18:06,608 ERROR org.apache.hadoop.hdfs.server.namenode.FSNamesystem: FSNamesystem initialization failed.
java.io.IOException: 
File system image contains an old layout version -19.
An upgrade to version -32 is required.
Please restart NameNode with -upgrade option.
	at org.apache.hadoop.hdfs.server.namenode.FSImage.recoverTransitionRead(FSImage.java:322)
	at org.apache.hadoop.hdfs.server.namenode.FSDirectory.loadFSImage(FSDirectory.java:97)
	at org.apache.hadoop.hdfs.server.namenode.FSNamesystem.initialize(FSNamesystem.java:384)
	at org.apache.hadoop.hdfs.server.namenode.FSNamesystem.<init>(FSNamesystem.java:358)
	at org.apache.hadoop.hdfs.server.namenode.NameNode.initialize(NameNode.java:276)
	at org.apache.hadoop.hdfs.server.namenode.NameNode.<init>(NameNode.java:497)
	at org.apache.hadoop.hdfs.server.namenode.NameNode.createNameNode(NameNode.java:1268)
	at org.apache.hadoop.hdfs.server.namenode.NameNode.main(NameNode.java:1277)
2014-04-16 09:18:06,609 ERROR org.apache.hadoop.hdfs.server.namenode.NameNode: java.io.IOException: 
File system image contains an old layout version -19.
An upgrade to version -32 is required.
Please restart NameNode with -upgrade option.
	at org.apache.hadoop.hdfs.server.namenode.FSImage.recoverTransitionRead(FSImage.java:322)
	at org.apache.hadoop.hdfs.server.namenode.FSDirectory.loadFSImage(FSDirectory.java:97)
	at org.apache.hadoop.hdfs.server.namenode.FSNamesystem.initialize(FSNamesystem.java:384)
	at org.apache.hadoop.hdfs.server.namenode.FSNamesystem.<init>(FSNamesystem.java:358)
	at org.apache.hadoop.hdfs.server.namenode.NameNode.initialize(NameNode.java:276)
	at org.apache.hadoop.hdfs.server.namenode.NameNode.<init>(NameNode.java:497)
	at org.apache.hadoop.hdfs.server.namenode.NameNode.createNameNode(NameNode.java:1268)
	at org.apache.hadoop.hdfs.server.namenode.NameNode.main(NameNode.java:1277)

2014-04-16 09:18:06,610 INFO org.apache.hadoop.hdfs.server.namenode.NameNode: SHUTDOWN_MSG: 
/************************************************************
SHUTDOWN_MSG: Shutting down NameNode at asusnotebook/127.0.0.1
************************************************************/
2014-04-16 09:18:33,931 INFO org.apache.hadoop.hdfs.server.namenode.NameNode: STARTUP_MSG: 
/************************************************************
STARTUP_MSG: Starting NameNode
STARTUP_MSG:   host = asusnotebook/127.0.0.1
STARTUP_MSG:   args = []
STARTUP_MSG:   version = 0.20.205.0
STARTUP_MSG:   build = https://svn.apache.org/repos/asf/hadoop/common/branches/branch-0.20-security-205 -r 1179940; compiled by 'hortonfo' on Fri Oct  7 06:26:14 UTC 2011
************************************************************/
2014-04-16 09:18:34,065 INFO org.apache.hadoop.metrics2.impl.MetricsConfig: loaded properties from hadoop-metrics2.properties
2014-04-16 09:18:34,075 INFO org.apache.hadoop.metrics2.impl.MetricsSourceAdapter: MBean for source MetricsSystem,sub=Stats registered.
2014-04-16 09:18:34,076 INFO org.apache.hadoop.metrics2.impl.MetricsSystemImpl: Scheduled snapshot period at 10 second(s).
2014-04-16 09:18:34,076 INFO org.apache.hadoop.metrics2.impl.MetricsSystemImpl: NameNode metrics system started
2014-04-16 09:18:34,246 INFO org.apache.hadoop.metrics2.impl.MetricsSourceAdapter: MBean for source ugi registered.
2014-04-16 09:18:34,251 WARN org.apache.hadoop.metrics2.impl.MetricsSystemImpl: Source name ugi already exists!
2014-04-16 09:18:34,255 INFO org.apache.hadoop.metrics2.impl.MetricsSourceAdapter: MBean for source jvm registered.
2014-04-16 09:18:34,256 INFO org.apache.hadoop.metrics2.impl.MetricsSourceAdapter: MBean for source NameNode registered.
2014-04-16 09:18:34,271 INFO org.apache.hadoop.hdfs.util.GSet: VM type       = 64-bit
2014-04-16 09:18:34,272 INFO org.apache.hadoop.hdfs.util.GSet: 2% max memory = 17.78 MB
2014-04-16 09:18:34,272 INFO org.apache.hadoop.hdfs.util.GSet: capacity      = 2^21 = 2097152 entries
2014-04-16 09:18:34,272 INFO org.apache.hadoop.hdfs.util.GSet: recommended=2097152, actual=2097152
2014-04-16 09:18:34,291 INFO org.apache.hadoop.hdfs.server.namenode.FSNamesystem: fsOwner=MaC
2014-04-16 09:18:34,291 INFO org.apache.hadoop.hdfs.server.namenode.FSNamesystem: supergroup=supergroup
2014-04-16 09:18:34,291 INFO org.apache.hadoop.hdfs.server.namenode.FSNamesystem: isPermissionEnabled=true
2014-04-16 09:18:34,296 INFO org.apache.hadoop.hdfs.server.namenode.FSNamesystem: dfs.block.invalidate.limit=100
2014-04-16 09:18:34,296 INFO org.apache.hadoop.hdfs.server.namenode.FSNamesystem: isAccessTokenEnabled=false accessKeyUpdateInterval=0 min(s), accessTokenLifetime=0 min(s)
2014-04-16 09:18:34,318 INFO org.apache.hadoop.hdfs.server.namenode.FSNamesystem: Registered FSNamesystemStateMBean and NameNodeMXBean
2014-04-16 09:18:34,336 INFO org.apache.hadoop.hdfs.server.namenode.NameNode: Caching file names occuring more than 10 times 
2014-04-16 09:18:34,344 ERROR org.apache.hadoop.hdfs.server.namenode.FSNamesystem: FSNamesystem initialization failed.
java.io.IOException: 
File system image contains an old layout version -19.
An upgrade to version -32 is required.
Please restart NameNode with -upgrade option.
	at org.apache.hadoop.hdfs.server.namenode.FSImage.recoverTransitionRead(FSImage.java:322)
	at org.apache.hadoop.hdfs.server.namenode.FSDirectory.loadFSImage(FSDirectory.java:97)
	at org.apache.hadoop.hdfs.server.namenode.FSNamesystem.initialize(FSNamesystem.java:384)
	at org.apache.hadoop.hdfs.server.namenode.FSNamesystem.<init>(FSNamesystem.java:358)
	at org.apache.hadoop.hdfs.server.namenode.NameNode.initialize(NameNode.java:276)
	at org.apache.hadoop.hdfs.server.namenode.NameNode.<init>(NameNode.java:497)
	at org.apache.hadoop.hdfs.server.namenode.NameNode.createNameNode(NameNode.java:1268)
	at org.apache.hadoop.hdfs.server.namenode.NameNode.main(NameNode.java:1277)
2014-04-16 09:18:34,346 ERROR org.apache.hadoop.hdfs.server.namenode.NameNode: java.io.IOException: 
File system image contains an old layout version -19.
An upgrade to version -32 is required.
Please restart NameNode with -upgrade option.
	at org.apache.hadoop.hdfs.server.namenode.FSImage.recoverTransitionRead(FSImage.java:322)
	at org.apache.hadoop.hdfs.server.namenode.FSDirectory.loadFSImage(FSDirectory.java:97)
	at org.apache.hadoop.hdfs.server.namenode.FSNamesystem.initialize(FSNamesystem.java:384)
	at org.apache.hadoop.hdfs.server.namenode.FSNamesystem.<init>(FSNamesystem.java:358)
	at org.apache.hadoop.hdfs.server.namenode.NameNode.initialize(NameNode.java:276)
	at org.apache.hadoop.hdfs.server.namenode.NameNode.<init>(NameNode.java:497)
	at org.apache.hadoop.hdfs.server.namenode.NameNode.createNameNode(NameNode.java:1268)
	at org.apache.hadoop.hdfs.server.namenode.NameNode.main(NameNode.java:1277)

2014-04-16 09:18:34,347 INFO org.apache.hadoop.hdfs.server.namenode.NameNode: SHUTDOWN_MSG: 
/************************************************************
SHUTDOWN_MSG: Shutting down NameNode at asusnotebook/127.0.0.1
************************************************************/
2014-04-16 09:22:35,500 INFO org.apache.hadoop.hdfs.server.namenode.NameNode: STARTUP_MSG: 
/************************************************************
STARTUP_MSG: Starting NameNode
STARTUP_MSG:   host = asusnotebook/127.0.0.1
STARTUP_MSG:   args = []
STARTUP_MSG:   version = 0.20.205.0
STARTUP_MSG:   build = https://svn.apache.org/repos/asf/hadoop/common/branches/branch-0.20-security-205 -r 1179940; compiled by 'hortonfo' on Fri Oct  7 06:26:14 UTC 2011
************************************************************/
2014-04-16 09:22:35,626 INFO org.apache.hadoop.metrics2.impl.MetricsConfig: loaded properties from hadoop-metrics2.properties
2014-04-16 09:22:35,636 INFO org.apache.hadoop.metrics2.impl.MetricsSourceAdapter: MBean for source MetricsSystem,sub=Stats registered.
2014-04-16 09:22:35,637 INFO org.apache.hadoop.metrics2.impl.MetricsSystemImpl: Scheduled snapshot period at 10 second(s).
2014-04-16 09:22:35,637 INFO org.apache.hadoop.metrics2.impl.MetricsSystemImpl: NameNode metrics system started
2014-04-16 09:22:35,802 INFO org.apache.hadoop.metrics2.impl.MetricsSourceAdapter: MBean for source ugi registered.
2014-04-16 09:22:35,807 WARN org.apache.hadoop.metrics2.impl.MetricsSystemImpl: Source name ugi already exists!
2014-04-16 09:22:35,812 INFO org.apache.hadoop.metrics2.impl.MetricsSourceAdapter: MBean for source jvm registered.
2014-04-16 09:22:35,813 INFO org.apache.hadoop.metrics2.impl.MetricsSourceAdapter: MBean for source NameNode registered.
2014-04-16 09:22:35,834 INFO org.apache.hadoop.hdfs.util.GSet: VM type       = 64-bit
2014-04-16 09:22:35,834 INFO org.apache.hadoop.hdfs.util.GSet: 2% max memory = 17.78 MB
2014-04-16 09:22:35,834 INFO org.apache.hadoop.hdfs.util.GSet: capacity      = 2^21 = 2097152 entries
2014-04-16 09:22:35,835 INFO org.apache.hadoop.hdfs.util.GSet: recommended=2097152, actual=2097152
2014-04-16 09:22:35,853 INFO org.apache.hadoop.hdfs.server.namenode.FSNamesystem: fsOwner=MaC
2014-04-16 09:22:35,853 INFO org.apache.hadoop.hdfs.server.namenode.FSNamesystem: supergroup=supergroup
2014-04-16 09:22:35,853 INFO org.apache.hadoop.hdfs.server.namenode.FSNamesystem: isPermissionEnabled=true
2014-04-16 09:22:35,857 INFO org.apache.hadoop.hdfs.server.namenode.FSNamesystem: dfs.block.invalidate.limit=100
2014-04-16 09:22:35,858 INFO org.apache.hadoop.hdfs.server.namenode.FSNamesystem: isAccessTokenEnabled=false accessKeyUpdateInterval=0 min(s), accessTokenLifetime=0 min(s)
2014-04-16 09:22:35,877 INFO org.apache.hadoop.hdfs.server.namenode.FSNamesystem: Registered FSNamesystemStateMBean and NameNodeMXBean
2014-04-16 09:22:35,895 INFO org.apache.hadoop.hdfs.server.namenode.NameNode: Caching file names occuring more than 10 times 
2014-04-16 09:22:35,901 ERROR org.apache.hadoop.hdfs.server.namenode.FSNamesystem: FSNamesystem initialization failed.
java.io.IOException: 
File system image contains an old layout version -19.
An upgrade to version -32 is required.
Please restart NameNode with -upgrade option.
	at org.apache.hadoop.hdfs.server.namenode.FSImage.recoverTransitionRead(FSImage.java:322)
	at org.apache.hadoop.hdfs.server.namenode.FSDirectory.loadFSImage(FSDirectory.java:97)
	at org.apache.hadoop.hdfs.server.namenode.FSNamesystem.initialize(FSNamesystem.java:384)
	at org.apache.hadoop.hdfs.server.namenode.FSNamesystem.<init>(FSNamesystem.java:358)
	at org.apache.hadoop.hdfs.server.namenode.NameNode.initialize(NameNode.java:276)
	at org.apache.hadoop.hdfs.server.namenode.NameNode.<init>(NameNode.java:497)
	at org.apache.hadoop.hdfs.server.namenode.NameNode.createNameNode(NameNode.java:1268)
	at org.apache.hadoop.hdfs.server.namenode.NameNode.main(NameNode.java:1277)
2014-04-16 09:22:35,902 ERROR org.apache.hadoop.hdfs.server.namenode.NameNode: java.io.IOException: 
File system image contains an old layout version -19.
An upgrade to version -32 is required.
Please restart NameNode with -upgrade option.
	at org.apache.hadoop.hdfs.server.namenode.FSImage.recoverTransitionRead(FSImage.java:322)
	at org.apache.hadoop.hdfs.server.namenode.FSDirectory.loadFSImage(FSDirectory.java:97)
	at org.apache.hadoop.hdfs.server.namenode.FSNamesystem.initialize(FSNamesystem.java:384)
	at org.apache.hadoop.hdfs.server.namenode.FSNamesystem.<init>(FSNamesystem.java:358)
	at org.apache.hadoop.hdfs.server.namenode.NameNode.initialize(NameNode.java:276)
	at org.apache.hadoop.hdfs.server.namenode.NameNode.<init>(NameNode.java:497)
	at org.apache.hadoop.hdfs.server.namenode.NameNode.createNameNode(NameNode.java:1268)
	at org.apache.hadoop.hdfs.server.namenode.NameNode.main(NameNode.java:1277)

2014-04-16 09:22:35,903 INFO org.apache.hadoop.hdfs.server.namenode.NameNode: SHUTDOWN_MSG: 
/************************************************************
SHUTDOWN_MSG: Shutting down NameNode at asusnotebook/127.0.0.1
************************************************************/
2014-04-16 09:24:39,317 INFO org.apache.hadoop.hdfs.server.namenode.NameNode: STARTUP_MSG: 
/************************************************************
STARTUP_MSG: Starting NameNode
STARTUP_MSG:   host = asusnotebook/127.0.0.1
STARTUP_MSG:   args = []
STARTUP_MSG:   version = 0.20.205.0
STARTUP_MSG:   build = https://svn.apache.org/repos/asf/hadoop/common/branches/branch-0.20-security-205 -r 1179940; compiled by 'hortonfo' on Fri Oct  7 06:26:14 UTC 2011
************************************************************/
2014-04-16 09:24:39,446 INFO org.apache.hadoop.metrics2.impl.MetricsConfig: loaded properties from hadoop-metrics2.properties
2014-04-16 09:24:39,457 INFO org.apache.hadoop.metrics2.impl.MetricsSourceAdapter: MBean for source MetricsSystem,sub=Stats registered.
2014-04-16 09:24:39,458 INFO org.apache.hadoop.metrics2.impl.MetricsSystemImpl: Scheduled snapshot period at 10 second(s).
2014-04-16 09:24:39,458 INFO org.apache.hadoop.metrics2.impl.MetricsSystemImpl: NameNode metrics system started
2014-04-16 09:24:39,621 INFO org.apache.hadoop.metrics2.impl.MetricsSourceAdapter: MBean for source ugi registered.
2014-04-16 09:24:39,626 WARN org.apache.hadoop.metrics2.impl.MetricsSystemImpl: Source name ugi already exists!
2014-04-16 09:24:39,631 INFO org.apache.hadoop.metrics2.impl.MetricsSourceAdapter: MBean for source jvm registered.
2014-04-16 09:24:39,633 INFO org.apache.hadoop.metrics2.impl.MetricsSourceAdapter: MBean for source NameNode registered.
2014-04-16 09:24:39,650 INFO org.apache.hadoop.hdfs.util.GSet: VM type       = 64-bit
2014-04-16 09:24:39,650 INFO org.apache.hadoop.hdfs.util.GSet: 2% max memory = 17.78 MB
2014-04-16 09:24:39,650 INFO org.apache.hadoop.hdfs.util.GSet: capacity      = 2^21 = 2097152 entries
2014-04-16 09:24:39,650 INFO org.apache.hadoop.hdfs.util.GSet: recommended=2097152, actual=2097152
2014-04-16 09:24:39,664 INFO org.apache.hadoop.hdfs.server.namenode.FSNamesystem: fsOwner=MaC
2014-04-16 09:24:39,664 INFO org.apache.hadoop.hdfs.server.namenode.FSNamesystem: supergroup=supergroup
2014-04-16 09:24:39,664 INFO org.apache.hadoop.hdfs.server.namenode.FSNamesystem: isPermissionEnabled=true
2014-04-16 09:24:39,667 INFO org.apache.hadoop.hdfs.server.namenode.FSNamesystem: dfs.block.invalidate.limit=100
2014-04-16 09:24:39,667 INFO org.apache.hadoop.hdfs.server.namenode.FSNamesystem: isAccessTokenEnabled=false accessKeyUpdateInterval=0 min(s), accessTokenLifetime=0 min(s)
2014-04-16 09:24:39,683 INFO org.apache.hadoop.hdfs.server.namenode.FSNamesystem: Registered FSNamesystemStateMBean and NameNodeMXBean
2014-04-16 09:24:39,698 INFO org.apache.hadoop.hdfs.server.namenode.NameNode: Caching file names occuring more than 10 times 
2014-04-16 09:24:39,705 ERROR org.apache.hadoop.hdfs.server.namenode.FSNamesystem: FSNamesystem initialization failed.
java.io.IOException: 
File system image contains an old layout version -19.
An upgrade to version -32 is required.
Please restart NameNode with -upgrade option.
	at org.apache.hadoop.hdfs.server.namenode.FSImage.recoverTransitionRead(FSImage.java:322)
	at org.apache.hadoop.hdfs.server.namenode.FSDirectory.loadFSImage(FSDirectory.java:97)
	at org.apache.hadoop.hdfs.server.namenode.FSNamesystem.initialize(FSNamesystem.java:384)
	at org.apache.hadoop.hdfs.server.namenode.FSNamesystem.<init>(FSNamesystem.java:358)
	at org.apache.hadoop.hdfs.server.namenode.NameNode.initialize(NameNode.java:276)
	at org.apache.hadoop.hdfs.server.namenode.NameNode.<init>(NameNode.java:497)
	at org.apache.hadoop.hdfs.server.namenode.NameNode.createNameNode(NameNode.java:1268)
	at org.apache.hadoop.hdfs.server.namenode.NameNode.main(NameNode.java:1277)
2014-04-16 09:24:39,706 ERROR org.apache.hadoop.hdfs.server.namenode.NameNode: java.io.IOException: 
File system image contains an old layout version -19.
An upgrade to version -32 is required.
Please restart NameNode with -upgrade option.
	at org.apache.hadoop.hdfs.server.namenode.FSImage.recoverTransitionRead(FSImage.java:322)
	at org.apache.hadoop.hdfs.server.namenode.FSDirectory.loadFSImage(FSDirectory.java:97)
	at org.apache.hadoop.hdfs.server.namenode.FSNamesystem.initialize(FSNamesystem.java:384)
	at org.apache.hadoop.hdfs.server.namenode.FSNamesystem.<init>(FSNamesystem.java:358)
	at org.apache.hadoop.hdfs.server.namenode.NameNode.initialize(NameNode.java:276)
	at org.apache.hadoop.hdfs.server.namenode.NameNode.<init>(NameNode.java:497)
	at org.apache.hadoop.hdfs.server.namenode.NameNode.createNameNode(NameNode.java:1268)
	at org.apache.hadoop.hdfs.server.namenode.NameNode.main(NameNode.java:1277)

2014-04-16 09:24:39,707 INFO org.apache.hadoop.hdfs.server.namenode.NameNode: SHUTDOWN_MSG: 
/************************************************************
SHUTDOWN_MSG: Shutting down NameNode at asusnotebook/127.0.0.1
************************************************************/
2014-04-16 09:25:07,702 INFO org.apache.hadoop.hdfs.server.namenode.NameNode: STARTUP_MSG: 
/************************************************************
STARTUP_MSG: Starting NameNode
STARTUP_MSG:   host = asusnotebook/127.0.0.1
STARTUP_MSG:   args = []
STARTUP_MSG:   version = 0.20.205.0
STARTUP_MSG:   build = https://svn.apache.org/repos/asf/hadoop/common/branches/branch-0.20-security-205 -r 1179940; compiled by 'hortonfo' on Fri Oct  7 06:26:14 UTC 2011
************************************************************/
2014-04-16 09:25:07,835 INFO org.apache.hadoop.metrics2.impl.MetricsConfig: loaded properties from hadoop-metrics2.properties
2014-04-16 09:25:07,846 INFO org.apache.hadoop.metrics2.impl.MetricsSourceAdapter: MBean for source MetricsSystem,sub=Stats registered.
2014-04-16 09:25:07,846 INFO org.apache.hadoop.metrics2.impl.MetricsSystemImpl: Scheduled snapshot period at 10 second(s).
2014-04-16 09:25:07,847 INFO org.apache.hadoop.metrics2.impl.MetricsSystemImpl: NameNode metrics system started
2014-04-16 09:25:08,014 INFO org.apache.hadoop.metrics2.impl.MetricsSourceAdapter: MBean for source ugi registered.
2014-04-16 09:25:08,019 WARN org.apache.hadoop.metrics2.impl.MetricsSystemImpl: Source name ugi already exists!
2014-04-16 09:25:08,025 INFO org.apache.hadoop.metrics2.impl.MetricsSourceAdapter: MBean for source jvm registered.
2014-04-16 09:25:08,026 INFO org.apache.hadoop.metrics2.impl.MetricsSourceAdapter: MBean for source NameNode registered.
2014-04-16 09:25:08,047 INFO org.apache.hadoop.hdfs.util.GSet: VM type       = 64-bit
2014-04-16 09:25:08,047 INFO org.apache.hadoop.hdfs.util.GSet: 2% max memory = 17.78 MB
2014-04-16 09:25:08,047 INFO org.apache.hadoop.hdfs.util.GSet: capacity      = 2^21 = 2097152 entries
2014-04-16 09:25:08,047 INFO org.apache.hadoop.hdfs.util.GSet: recommended=2097152, actual=2097152
2014-04-16 09:25:08,066 INFO org.apache.hadoop.hdfs.server.namenode.FSNamesystem: fsOwner=MaC
2014-04-16 09:25:08,066 INFO org.apache.hadoop.hdfs.server.namenode.FSNamesystem: supergroup=supergroup
2014-04-16 09:25:08,066 INFO org.apache.hadoop.hdfs.server.namenode.FSNamesystem: isPermissionEnabled=true
2014-04-16 09:25:08,069 INFO org.apache.hadoop.hdfs.server.namenode.FSNamesystem: dfs.block.invalidate.limit=100
2014-04-16 09:25:08,070 INFO org.apache.hadoop.hdfs.server.namenode.FSNamesystem: isAccessTokenEnabled=false accessKeyUpdateInterval=0 min(s), accessTokenLifetime=0 min(s)
2014-04-16 09:25:08,089 INFO org.apache.hadoop.hdfs.server.namenode.FSNamesystem: Registered FSNamesystemStateMBean and NameNodeMXBean
2014-04-16 09:25:08,113 INFO org.apache.hadoop.hdfs.server.namenode.NameNode: Caching file names occuring more than 10 times 
2014-04-16 09:25:08,122 INFO org.apache.hadoop.hdfs.server.common.Storage: Number of files = 1
2014-04-16 09:25:08,124 INFO org.apache.hadoop.hdfs.server.common.Storage: Number of files under construction = 0
2014-04-16 09:25:08,124 INFO org.apache.hadoop.hdfs.server.common.Storage: Image file of size 109 loaded in 0 seconds.
2014-04-16 09:25:08,125 INFO org.apache.hadoop.hdfs.server.common.Storage: Edits file /var/hadoop/hdfs/dfs/name/current/edits of size 4 edits # 0 loaded in 0 seconds.
2014-04-16 09:25:08,126 INFO org.apache.hadoop.hdfs.server.common.Storage: Image file of size 109 saved in 0 seconds.
2014-04-16 09:25:08,648 INFO org.apache.hadoop.hdfs.server.common.Storage: Image file of size 109 saved in 0 seconds.
2014-04-16 09:25:09,108 INFO org.apache.hadoop.hdfs.server.namenode.NameCache: initialized with 0 entries 0 lookups
2014-04-16 09:25:09,108 INFO org.apache.hadoop.hdfs.server.namenode.FSNamesystem: Finished loading FSImage in 1049 msecs
2014-04-16 09:25:09,125 INFO org.apache.hadoop.hdfs.server.namenode.FSNamesystem: Total number of blocks = 0
2014-04-16 09:25:09,126 INFO org.apache.hadoop.hdfs.server.namenode.FSNamesystem: Number of invalid blocks = 0
2014-04-16 09:25:09,126 INFO org.apache.hadoop.hdfs.server.namenode.FSNamesystem: Number of under-replicated blocks = 0
2014-04-16 09:25:09,126 INFO org.apache.hadoop.hdfs.server.namenode.FSNamesystem: Number of  over-replicated blocks = 0
2014-04-16 09:25:09,126 INFO org.apache.hadoop.hdfs.StateChange: STATE* Safe mode termination scan for invalid, over- and under-replicated blocks completed in 17 msec
2014-04-16 09:25:09,126 INFO org.apache.hadoop.hdfs.StateChange: STATE* Leaving safe mode after 1 secs.
2014-04-16 09:25:09,126 INFO org.apache.hadoop.hdfs.StateChange: STATE* Network topology has 0 racks and 0 datanodes
2014-04-16 09:25:09,126 INFO org.apache.hadoop.hdfs.StateChange: STATE* UnderReplicatedBlocks has 0 blocks
2014-04-16 09:25:09,151 INFO org.apache.hadoop.util.HostsFileReader: Refreshing hosts (include/exclude) list
2014-04-16 09:25:09,152 INFO org.apache.hadoop.hdfs.server.namenode.FSNamesystem: ReplicateQueue QueueProcessingStatistics: First cycle completed 0 blocks in 1 msec
2014-04-16 09:25:09,152 INFO org.apache.hadoop.hdfs.server.namenode.FSNamesystem: ReplicateQueue QueueProcessingStatistics: Queue flush completed 0 blocks in 1 msec processing time, 1 msec clock time, 1 cycles
2014-04-16 09:25:09,152 INFO org.apache.hadoop.hdfs.server.namenode.FSNamesystem: InvalidateQueue QueueProcessingStatistics: First cycle completed 0 blocks in 0 msec
2014-04-16 09:25:09,152 INFO org.apache.hadoop.hdfs.server.namenode.FSNamesystem: InvalidateQueue QueueProcessingStatistics: Queue flush completed 0 blocks in 0 msec processing time, 0 msec clock time, 1 cycles
2014-04-16 09:25:09,158 INFO org.apache.hadoop.metrics2.impl.MetricsSourceAdapter: MBean for source FSNamesystemMetrics registered.
2014-04-16 09:25:09,175 INFO org.apache.hadoop.metrics2.impl.MetricsSourceAdapter: MBean for source RpcDetailedActivityForPort54310 registered.
2014-04-16 09:25:09,175 INFO org.apache.hadoop.metrics2.impl.MetricsSourceAdapter: MBean for source RpcActivityForPort54310 registered.
2014-04-16 09:25:09,178 INFO org.apache.hadoop.hdfs.server.namenode.NameNode: Namenode up at: asusnotebook/127.0.0.1:54310
2014-04-16 09:25:09,180 INFO org.apache.hadoop.ipc.Server: Starting SocketReader
2014-04-16 09:25:09,331 INFO org.mortbay.log: Logging to org.slf4j.impl.Log4jLoggerAdapter(org.mortbay.log) via org.mortbay.log.Slf4jLog
2014-04-16 09:25:09,396 INFO org.apache.hadoop.http.HttpServer: Added global filtersafety (class=org.apache.hadoop.http.HttpServer$QuotingInputFilter)
2014-04-16 09:25:09,405 INFO org.apache.hadoop.http.HttpServer: Port returned by webServer.getConnectors()[0].getLocalPort() before open() is -1. Opening the listener on 50070
2014-04-16 09:25:09,406 INFO org.apache.hadoop.http.HttpServer: listener.getLocalPort() returned 50070 webServer.getConnectors()[0].getLocalPort() returned 50070
2014-04-16 09:25:09,406 INFO org.apache.hadoop.http.HttpServer: Jetty bound to port 50070
2014-04-16 09:25:09,406 INFO org.mortbay.log: jetty-6.1.26
2014-04-16 09:25:09,836 INFO org.mortbay.log: Started SelectChannelConnector@0.0.0.0:50070
2014-04-16 09:25:09,836 INFO org.apache.hadoop.hdfs.server.namenode.NameNode: Web-server up at: 0.0.0.0:50070
2014-04-16 09:25:09,837 INFO org.apache.hadoop.ipc.Server: IPC Server Responder: starting
2014-04-16 09:25:09,838 INFO org.apache.hadoop.ipc.Server: IPC Server listener on 54310: starting
2014-04-16 09:25:09,849 INFO org.apache.hadoop.ipc.Server: IPC Server handler 0 on 54310: starting
2014-04-16 09:25:09,884 INFO org.apache.hadoop.ipc.Server: IPC Server handler 1 on 54310: starting
2014-04-16 09:25:09,940 INFO org.apache.hadoop.ipc.Server: IPC Server handler 2 on 54310: starting
2014-04-16 09:25:09,944 INFO org.apache.hadoop.ipc.Server: IPC Server handler 3 on 54310: starting
2014-04-16 09:25:09,947 INFO org.apache.hadoop.ipc.Server: IPC Server handler 5 on 54310: starting
2014-04-16 09:25:09,973 INFO org.apache.hadoop.ipc.Server: IPC Server handler 4 on 54310: starting
2014-04-16 09:25:09,973 INFO org.apache.hadoop.ipc.Server: IPC Server handler 6 on 54310: starting
2014-04-16 09:25:09,984 INFO org.apache.hadoop.ipc.Server: IPC Server handler 7 on 54310: starting
2014-04-16 09:25:10,007 INFO org.apache.hadoop.ipc.Server: IPC Server handler 8 on 54310: starting
2014-04-16 09:25:10,037 INFO org.apache.hadoop.ipc.Server: IPC Server handler 9 on 54310: starting
2014-04-16 09:25:10,640 INFO org.apache.hadoop.ipc.Server: IPC Server handler 1 on 54310, call addBlock(/var/hadoop/hdfs/mapred/system/jobtracker.info, DFSClient_-1946050352, null) from 127.0.0.1:35294: error: java.io.IOException: File /var/hadoop/hdfs/mapred/system/jobtracker.info could only be replicated to 0 nodes, instead of 1
java.io.IOException: File /var/hadoop/hdfs/mapred/system/jobtracker.info could only be replicated to 0 nodes, instead of 1
	at org.apache.hadoop.hdfs.server.namenode.FSNamesystem.getAdditionalBlock(FSNamesystem.java:1531)
	at org.apache.hadoop.hdfs.server.namenode.NameNode.addBlock(NameNode.java:685)
	at sun.reflect.NativeMethodAccessorImpl.invoke0(Native Method)
	at sun.reflect.NativeMethodAccessorImpl.invoke(NativeMethodAccessorImpl.java:57)
	at sun.reflect.DelegatingMethodAccessorImpl.invoke(DelegatingMethodAccessorImpl.java:43)
	at java.lang.reflect.Method.invoke(Method.java:606)
	at org.apache.hadoop.ipc.RPC$Server.call(RPC.java:563)
	at org.apache.hadoop.ipc.Server$Handler$1.run(Server.java:1388)
	at org.apache.hadoop.ipc.Server$Handler$1.run(Server.java:1384)
	at java.security.AccessController.doPrivileged(Native Method)
	at javax.security.auth.Subject.doAs(Subject.java:415)
	at org.apache.hadoop.security.UserGroupInformation.doAs(UserGroupInformation.java:1059)
	at org.apache.hadoop.ipc.Server$Handler.run(Server.java:1382)
2014-04-16 09:25:11,716 INFO org.apache.hadoop.hdfs.StateChange: BLOCK* NameSystem.registerDatanode: node registration from 127.0.0.1:50010 storage DS-1520889282-127.0.0.1-50010-1397633111713
2014-04-16 09:25:11,719 INFO org.apache.hadoop.net.NetworkTopology: Adding a new node: /default-rack/127.0.0.1:50010
2014-04-16 09:25:11,763 INFO org.apache.hadoop.hdfs.StateChange: *BLOCK* NameSystem.processReport: from 127.0.0.1:50010, blocks: 0, processing time: 1 msecs
2014-04-16 09:25:20,721 INFO org.apache.hadoop.hdfs.StateChange: BLOCK* NameSystem.allocateBlock: /var/hadoop/hdfs/mapred/system/jobtracker.info. blk_5322875569555384371_1002
2014-04-16 09:25:20,778 INFO org.apache.hadoop.hdfs.StateChange: BLOCK* NameSystem.addStoredBlock: blockMap updated: 127.0.0.1:50010 is added to blk_5322875569555384371_1002 size 4
2014-04-16 09:25:20,780 INFO org.apache.hadoop.hdfs.StateChange: Removing lease on  file /var/hadoop/hdfs/mapred/system/jobtracker.info from client DFSClient_-1946050352
2014-04-16 09:25:20,781 INFO org.apache.hadoop.hdfs.StateChange: DIR* NameSystem.completeFile: file /var/hadoop/hdfs/mapred/system/jobtracker.info is closed by DFSClient_-1946050352
2014-04-16 09:25:51,911 INFO org.apache.hadoop.hdfs.StateChange: BLOCK* NameSystem.allocateBlock: /rime/pg4300.txt. blk_-5615740171936461309_1003
2014-04-16 09:25:51,985 INFO org.apache.hadoop.hdfs.StateChange: BLOCK* NameSystem.addStoredBlock: blockMap updated: 127.0.0.1:50010 is added to blk_-5615740171936461309_1003 size 1573150
2014-04-16 09:25:51,987 INFO org.apache.hadoop.hdfs.StateChange: Removing lease on  file /rime/pg4300.txt from client DFSClient_941622747
2014-04-16 09:25:51,987 INFO org.apache.hadoop.hdfs.StateChange: DIR* NameSystem.completeFile: file /rime/pg4300.txt is closed by DFSClient_941622747
2014-04-16 09:26:24,103 INFO org.apache.hadoop.hdfs.StateChange: *BLOCK* NameSystem.processReport: from 127.0.0.1:50010, blocks: 2, processing time: 0 msecs
2014-04-16 09:26:45,369 INFO org.apache.hadoop.hdfs.server.namenode.FSNamesystem: Number of transactions: 21 Total time for transactions(ms): 0Number of transactions batched in Syncs: 0 Number of syncs: 12 SyncTimes(ms): 419 
2014-04-16 09:26:45,772 INFO org.apache.hadoop.hdfs.StateChange: BLOCK* NameSystem.allocateBlock: /var/hadoop/hdfs/mapred/staging/MaC/.staging/job_201404160924_0001/job.jar. blk_-5617878932144490285_1004
2014-04-16 09:26:45,797 INFO org.apache.hadoop.hdfs.StateChange: BLOCK* NameSystem.addStoredBlock: blockMap updated: 127.0.0.1:50010 is added to blk_-5617878932144490285_1004 size 142465
2014-04-16 09:26:45,799 INFO org.apache.hadoop.hdfs.StateChange: Removing lease on  file /var/hadoop/hdfs/mapred/staging/MaC/.staging/job_201404160924_0001/job.jar from client DFSClient_-1347452300
2014-04-16 09:26:45,799 INFO org.apache.hadoop.hdfs.StateChange: DIR* NameSystem.completeFile: file /var/hadoop/hdfs/mapred/staging/MaC/.staging/job_201404160924_0001/job.jar is closed by DFSClient_-1347452300
2014-04-16 09:26:45,913 INFO org.apache.hadoop.hdfs.server.namenode.FSNamesystem: Increasing replication for file /var/hadoop/hdfs/mapred/staging/MaC/.staging/job_201404160924_0001/job.jar. New replication is 10
2014-04-16 09:26:45,979 INFO org.apache.hadoop.hdfs.server.namenode.FSNamesystem: Increasing replication for file /var/hadoop/hdfs/mapred/staging/MaC/.staging/job_201404160924_0001/job.split. New replication is 10
2014-04-16 09:26:45,994 INFO org.apache.hadoop.hdfs.StateChange: BLOCK* NameSystem.allocateBlock: /var/hadoop/hdfs/mapred/staging/MaC/.staging/job_201404160924_0001/job.split. blk_-5784862852835854935_1005
2014-04-16 09:26:45,998 INFO org.apache.hadoop.hdfs.StateChange: BLOCK* NameSystem.addStoredBlock: blockMap updated: 127.0.0.1:50010 is added to blk_-5784862852835854935_1005 size 113
2014-04-16 09:26:45,999 INFO org.apache.hadoop.hdfs.StateChange: Removing lease on  file /var/hadoop/hdfs/mapred/staging/MaC/.staging/job_201404160924_0001/job.split from client DFSClient_-1347452300
2014-04-16 09:26:45,999 INFO org.apache.hadoop.hdfs.StateChange: DIR* NameSystem.completeFile: file /var/hadoop/hdfs/mapred/staging/MaC/.staging/job_201404160924_0001/job.split is closed by DFSClient_-1347452300
2014-04-16 09:26:46,036 INFO org.apache.hadoop.hdfs.StateChange: BLOCK* NameSystem.allocateBlock: /var/hadoop/hdfs/mapred/staging/MaC/.staging/job_201404160924_0001/job.splitmetainfo. blk_3113010029548147036_1006
2014-04-16 09:26:46,040 INFO org.apache.hadoop.hdfs.StateChange: BLOCK* NameSystem.addStoredBlock: blockMap updated: 127.0.0.1:50010 is added to blk_3113010029548147036_1006 size 29
2014-04-16 09:26:46,041 INFO org.apache.hadoop.hdfs.StateChange: Removing lease on  file /var/hadoop/hdfs/mapred/staging/MaC/.staging/job_201404160924_0001/job.splitmetainfo from client DFSClient_-1347452300
2014-04-16 09:26:46,042 INFO org.apache.hadoop.hdfs.StateChange: DIR* NameSystem.completeFile: file /var/hadoop/hdfs/mapred/staging/MaC/.staging/job_201404160924_0001/job.splitmetainfo is closed by DFSClient_-1347452300
2014-04-16 09:26:46,479 INFO org.apache.hadoop.hdfs.StateChange: BLOCK* NameSystem.allocateBlock: /var/hadoop/hdfs/mapred/staging/MaC/.staging/job_201404160924_0001/job.xml. blk_-8723664935978576150_1007
2014-04-16 09:26:46,484 INFO org.apache.hadoop.hdfs.StateChange: BLOCK* NameSystem.addStoredBlock: blockMap updated: 127.0.0.1:50010 is added to blk_-8723664935978576150_1007 size 20163
2014-04-16 09:26:46,485 INFO org.apache.hadoop.hdfs.StateChange: Removing lease on  file /var/hadoop/hdfs/mapred/staging/MaC/.staging/job_201404160924_0001/job.xml from client DFSClient_-1347452300
2014-04-16 09:26:46,485 INFO org.apache.hadoop.hdfs.StateChange: DIR* NameSystem.completeFile: file /var/hadoop/hdfs/mapred/staging/MaC/.staging/job_201404160924_0001/job.xml is closed by DFSClient_-1347452300
2014-04-16 09:26:46,771 INFO org.apache.hadoop.hdfs.StateChange: BLOCK* NameSystem.allocateBlock: /rime/output/_logs/history/job_201404160924_0001_conf.xml. blk_-1332836354413875994_1009
2014-04-16 09:26:46,776 INFO org.apache.hadoop.hdfs.StateChange: BLOCK* NameSystem.addStoredBlock: blockMap updated: 127.0.0.1:50010 is added to blk_-1332836354413875994_1009 size 20225
2014-04-16 09:26:46,785 INFO org.apache.hadoop.hdfs.StateChange: Removing lease on  file /rime/output/_logs/history/job_201404160924_0001_conf.xml from client DFSClient_-108485239
2014-04-16 09:26:46,785 INFO org.apache.hadoop.hdfs.StateChange: DIR* NameSystem.completeFile: file /rime/output/_logs/history/job_201404160924_0001_conf.xml is closed by DFSClient_-108485239
2014-04-16 09:26:46,833 INFO org.apache.hadoop.hdfs.StateChange: BLOCK* NameSystem.allocateBlock: /var/hadoop/hdfs/mapred/system/job_201404160924_0001/jobToken. blk_-596641518183408929_1010
2014-04-16 09:26:46,839 INFO org.apache.hadoop.hdfs.StateChange: BLOCK* NameSystem.addStoredBlock: blockMap updated: 127.0.0.1:50010 is added to blk_-596641518183408929_1010 size 106
2014-04-16 09:26:46,840 INFO org.apache.hadoop.hdfs.StateChange: Removing lease on  file /var/hadoop/hdfs/mapred/system/job_201404160924_0001/jobToken from client DFSClient_-1946050352
2014-04-16 09:26:46,840 INFO org.apache.hadoop.hdfs.StateChange: DIR* NameSystem.completeFile: file /var/hadoop/hdfs/mapred/system/job_201404160924_0001/jobToken is closed by DFSClient_-1946050352
2014-04-16 09:27:08,075 INFO org.apache.hadoop.hdfs.StateChange: BLOCK* NameSystem.allocateBlock: /rime/output/_temporary/_attempt_201404160924_0001_r_000000_0/part-r-00000. blk_7338365955899895264_1011
2014-04-16 09:27:08,382 INFO org.apache.hadoop.hdfs.StateChange: BLOCK* NameSystem.addStoredBlock: blockMap updated: 127.0.0.1:50010 is added to blk_7338365955899895264_1011 size 527735
2014-04-16 09:27:08,384 INFO org.apache.hadoop.hdfs.StateChange: Removing lease on  file /rime/output/_temporary/_attempt_201404160924_0001_r_000000_0/part-r-00000 from client DFSClient_attempt_201404160924_0001_r_000000_0
2014-04-16 09:27:08,384 INFO org.apache.hadoop.hdfs.StateChange: DIR* NameSystem.completeFile: file /rime/output/_temporary/_attempt_201404160924_0001_r_000000_0/part-r-00000 is closed by DFSClient_attempt_201404160924_0001_r_000000_0
2014-04-16 09:27:13,772 INFO org.apache.hadoop.hdfs.StateChange: Removing lease on  file /rime/output/_SUCCESS from client DFSClient_attempt_201404160924_0001_m_000001_0
2014-04-16 09:27:13,772 INFO org.apache.hadoop.hdfs.StateChange: DIR* NameSystem.completeFile: file /rime/output/_SUCCESS is closed by DFSClient_attempt_201404160924_0001_m_000001_0
2014-04-16 09:27:13,781 INFO org.apache.hadoop.hdfs.StateChange: BLOCK* NameSystem.addToInvalidates: blk_-5617878932144490285 is added to invalidSet of 127.0.0.1:50010
2014-04-16 09:27:13,781 INFO org.apache.hadoop.hdfs.StateChange: BLOCK* NameSystem.addToInvalidates: blk_-5784862852835854935 is added to invalidSet of 127.0.0.1:50010
2014-04-16 09:27:13,781 INFO org.apache.hadoop.hdfs.StateChange: BLOCK* NameSystem.addToInvalidates: blk_3113010029548147036 is added to invalidSet of 127.0.0.1:50010
2014-04-16 09:27:13,781 INFO org.apache.hadoop.hdfs.StateChange: BLOCK* NameSystem.addToInvalidates: blk_-8723664935978576150 is added to invalidSet of 127.0.0.1:50010
2014-04-16 09:27:15,163 INFO org.apache.hadoop.hdfs.StateChange: BLOCK* ask 127.0.0.1:50010 to delete  blk_3113010029548147036_1006 blk_-5784862852835854935_1005 blk_-5617878932144490285_1004 blk_-8723664935978576150_1007
2014-04-16 09:27:18,544 INFO org.apache.hadoop.hdfs.StateChange: BLOCK* NameSystem.allocateBlock: /rime/output/_logs/history/job_201404160924_0001_1397633206506_MaC_word+count. blk_-8534510701839504508_1012
2014-04-16 09:27:18,550 INFO org.apache.hadoop.hdfs.StateChange: BLOCK* NameSystem.addStoredBlock: blockMap updated: 127.0.0.1:50010 is added to blk_-8534510701839504508_1012 size 13846
2014-04-16 09:27:18,552 INFO org.apache.hadoop.hdfs.StateChange: Removing lease on  file /rime/output/_logs/history/job_201404160924_0001_1397633206506_MaC_word+count from client DFSClient_-108485239
2014-04-16 09:27:18,552 INFO org.apache.hadoop.hdfs.StateChange: DIR* NameSystem.completeFile: file /rime/output/_logs/history/job_201404160924_0001_1397633206506_MaC_word+count is closed by DFSClient_-108485239
2014-04-16 09:27:18,597 INFO org.apache.hadoop.hdfs.StateChange: BLOCK* NameSystem.addToInvalidates: blk_-596641518183408929 is added to invalidSet of 127.0.0.1:50010
2014-04-16 09:27:21,164 INFO org.apache.hadoop.hdfs.StateChange: BLOCK* ask 127.0.0.1:50010 to delete  blk_-596641518183408929_1010
2014-04-16 09:27:52,166 INFO org.apache.hadoop.hdfs.server.namenode.NameNode: SHUTDOWN_MSG: 
/************************************************************
SHUTDOWN_MSG: Shutting down NameNode at asusnotebook/127.0.0.1
************************************************************/
2014-04-16 10:01:06,744 INFO org.apache.hadoop.hdfs.server.namenode.NameNode: STARTUP_MSG: 
/************************************************************
STARTUP_MSG: Starting NameNode
STARTUP_MSG:   host = asusnotebook/127.0.0.1
STARTUP_MSG:   args = []
STARTUP_MSG:   version = 0.20.205.0
STARTUP_MSG:   build = https://svn.apache.org/repos/asf/hadoop/common/branches/branch-0.20-security-205 -r 1179940; compiled by 'hortonfo' on Fri Oct  7 06:26:14 UTC 2011
************************************************************/
2014-04-16 10:01:06,939 INFO org.apache.hadoop.metrics2.impl.MetricsConfig: loaded properties from hadoop-metrics2.properties
2014-04-16 10:01:06,949 INFO org.apache.hadoop.metrics2.impl.MetricsSourceAdapter: MBean for source MetricsSystem,sub=Stats registered.
2014-04-16 10:01:06,950 INFO org.apache.hadoop.metrics2.impl.MetricsSystemImpl: Scheduled snapshot period at 10 second(s).
2014-04-16 10:01:06,950 INFO org.apache.hadoop.metrics2.impl.MetricsSystemImpl: NameNode metrics system started
2014-04-16 10:01:07,145 INFO org.apache.hadoop.metrics2.impl.MetricsSourceAdapter: MBean for source ugi registered.
2014-04-16 10:01:07,150 WARN org.apache.hadoop.metrics2.impl.MetricsSystemImpl: Source name ugi already exists!
2014-04-16 10:01:07,155 INFO org.apache.hadoop.metrics2.impl.MetricsSourceAdapter: MBean for source jvm registered.
2014-04-16 10:01:07,157 INFO org.apache.hadoop.metrics2.impl.MetricsSourceAdapter: MBean for source NameNode registered.
2014-04-16 10:01:07,178 INFO org.apache.hadoop.hdfs.util.GSet: VM type       = 64-bit
2014-04-16 10:01:07,178 INFO org.apache.hadoop.hdfs.util.GSet: 2% max memory = 17.78 MB
2014-04-16 10:01:07,178 INFO org.apache.hadoop.hdfs.util.GSet: capacity      = 2^21 = 2097152 entries
2014-04-16 10:01:07,178 INFO org.apache.hadoop.hdfs.util.GSet: recommended=2097152, actual=2097152
2014-04-16 10:01:07,197 INFO org.apache.hadoop.hdfs.server.namenode.FSNamesystem: fsOwner=MaC
2014-04-16 10:01:07,197 INFO org.apache.hadoop.hdfs.server.namenode.FSNamesystem: supergroup=supergroup
2014-04-16 10:01:07,197 INFO org.apache.hadoop.hdfs.server.namenode.FSNamesystem: isPermissionEnabled=true
2014-04-16 10:01:07,201 INFO org.apache.hadoop.hdfs.server.namenode.FSNamesystem: dfs.block.invalidate.limit=100
2014-04-16 10:01:07,201 INFO org.apache.hadoop.hdfs.server.namenode.FSNamesystem: isAccessTokenEnabled=false accessKeyUpdateInterval=0 min(s), accessTokenLifetime=0 min(s)
2014-04-16 10:01:07,222 INFO org.apache.hadoop.hdfs.server.namenode.FSNamesystem: Registered FSNamesystemStateMBean and NameNodeMXBean
2014-04-16 10:01:07,240 INFO org.apache.hadoop.hdfs.server.namenode.NameNode: Caching file names occuring more than 10 times 
2014-04-16 10:01:07,248 INFO org.apache.hadoop.hdfs.server.common.Storage: Number of files = 1
2014-04-16 10:01:07,251 INFO org.apache.hadoop.hdfs.server.common.Storage: Number of files under construction = 0
2014-04-16 10:01:07,251 INFO org.apache.hadoop.hdfs.server.common.Storage: Image file of size 109 loaded in 0 seconds.
2014-04-16 10:01:07,269 INFO org.apache.hadoop.hdfs.server.namenode.FSNamesystem: Invalid opcode, reached end of edit log Number of transactions found 67
2014-04-16 10:01:07,269 INFO org.apache.hadoop.hdfs.server.common.Storage: Edits file /var/hadoop/hdfs/dfs/name/current/edits of size 1049092 edits # 67 loaded in 0 seconds.
2014-04-16 10:01:07,271 INFO org.apache.hadoop.hdfs.server.common.Storage: Image file of size 1800 saved in 0 seconds.
2014-04-16 10:01:07,761 INFO org.apache.hadoop.hdfs.server.common.Storage: Image file of size 1800 saved in 0 seconds.
2014-04-16 10:01:08,136 INFO org.apache.hadoop.hdfs.server.namenode.NameCache: initialized with 0 entries 0 lookups
2014-04-16 10:01:08,136 INFO org.apache.hadoop.hdfs.server.namenode.FSNamesystem: Finished loading FSImage in 945 msecs
2014-04-16 10:01:08,158 INFO org.apache.hadoop.hdfs.StateChange: STATE* Safe mode ON. 
The ratio of reported blocks 0,0000 has not reached the threshold 0,9990. Safe mode will be turned off automatically.
2014-04-16 10:01:08,166 INFO org.apache.hadoop.util.HostsFileReader: Refreshing hosts (include/exclude) list
2014-04-16 10:01:08,173 INFO org.apache.hadoop.metrics2.impl.MetricsSourceAdapter: MBean for source FSNamesystemMetrics registered.
2014-04-16 10:01:08,189 INFO org.apache.hadoop.ipc.Server: Starting SocketReader
2014-04-16 10:01:08,192 INFO org.apache.hadoop.metrics2.impl.MetricsSourceAdapter: MBean for source RpcDetailedActivityForPort54310 registered.
2014-04-16 10:01:08,193 INFO org.apache.hadoop.metrics2.impl.MetricsSourceAdapter: MBean for source RpcActivityForPort54310 registered.
2014-04-16 10:01:08,195 INFO org.apache.hadoop.hdfs.server.namenode.NameNode: Namenode up at: asusnotebook/127.0.0.1:54310
2014-04-16 10:01:08,298 INFO org.mortbay.log: Logging to org.slf4j.impl.Log4jLoggerAdapter(org.mortbay.log) via org.mortbay.log.Slf4jLog
2014-04-16 10:01:08,357 INFO org.apache.hadoop.http.HttpServer: Added global filtersafety (class=org.apache.hadoop.http.HttpServer$QuotingInputFilter)
2014-04-16 10:01:08,367 INFO org.apache.hadoop.http.HttpServer: Port returned by webServer.getConnectors()[0].getLocalPort() before open() is -1. Opening the listener on 50070
2014-04-16 10:01:08,369 INFO org.apache.hadoop.http.HttpServer: listener.getLocalPort() returned 50070 webServer.getConnectors()[0].getLocalPort() returned 50070
2014-04-16 10:01:08,369 INFO org.apache.hadoop.http.HttpServer: Jetty bound to port 50070
2014-04-16 10:01:08,369 INFO org.mortbay.log: jetty-6.1.26
2014-04-16 10:01:08,851 INFO org.mortbay.log: Started SelectChannelConnector@0.0.0.0:50070
2014-04-16 10:01:08,851 INFO org.apache.hadoop.hdfs.server.namenode.NameNode: Web-server up at: 0.0.0.0:50070
2014-04-16 10:01:08,851 INFO org.apache.hadoop.ipc.Server: IPC Server Responder: starting
2014-04-16 10:01:08,863 INFO org.apache.hadoop.ipc.Server: IPC Server listener on 54310: starting
2014-04-16 10:01:08,886 INFO org.apache.hadoop.ipc.Server: IPC Server handler 0 on 54310: starting
2014-04-16 10:01:08,889 INFO org.apache.hadoop.ipc.Server: IPC Server handler 1 on 54310: starting
2014-04-16 10:01:08,889 INFO org.apache.hadoop.ipc.Server: IPC Server handler 2 on 54310: starting
2014-04-16 10:01:08,892 INFO org.apache.hadoop.ipc.Server: IPC Server handler 3 on 54310: starting
2014-04-16 10:01:08,892 INFO org.apache.hadoop.ipc.Server: IPC Server handler 4 on 54310: starting
2014-04-16 10:01:08,893 INFO org.apache.hadoop.ipc.Server: IPC Server handler 5 on 54310: starting
2014-04-16 10:01:08,894 INFO org.apache.hadoop.ipc.Server: IPC Server handler 6 on 54310: starting
2014-04-16 10:01:08,908 INFO org.apache.hadoop.ipc.Server: IPC Server handler 7 on 54310: starting
2014-04-16 10:01:08,926 INFO org.apache.hadoop.ipc.Server: IPC Server handler 9 on 54310: starting
2014-04-16 10:01:08,959 INFO org.apache.hadoop.ipc.Server: IPC Server handler 8 on 54310: starting
2014-04-16 10:01:09,927 INFO org.apache.hadoop.hdfs.StateChange: BLOCK* NameSystem.registerDatanode: node registration from 127.0.0.1:50010 storage DS-1520889282-127.0.0.1-50010-1397633111713
2014-04-16 10:01:09,930 INFO org.apache.hadoop.net.NetworkTopology: Adding a new node: /default-rack/127.0.0.1:50010
2014-04-16 10:01:09,947 INFO org.apache.hadoop.hdfs.StateChange: STATE* Safe mode extension entered. 
The ratio of reported blocks 1,0000 has reached the threshold 0,9990. Safe mode will be turned off automatically in 29 seconds.
2014-04-16 10:01:09,947 INFO org.apache.hadoop.hdfs.StateChange: *BLOCK* NameSystem.processReport: from 127.0.0.1:50010, blocks: 5, processing time: 3 msecs
2014-04-16 10:01:13,150 INFO org.apache.hadoop.ipc.Server: IPC Server handler 1 on 54310, call delete(/var/hadoop/hdfs/mapred/system, true) from 127.0.0.1:35352: error: org.apache.hadoop.hdfs.server.namenode.SafeModeException: Cannot delete /var/hadoop/hdfs/mapred/system. Name node is in safe mode.
The ratio of reported blocks 1,0000 has reached the threshold 0,9990. Safe mode will be turned off automatically in 26 seconds.
org.apache.hadoop.hdfs.server.namenode.SafeModeException: Cannot delete /var/hadoop/hdfs/mapred/system. Name node is in safe mode.
The ratio of reported blocks 1,0000 has reached the threshold 0,9990. Safe mode will be turned off automatically in 26 seconds.
	at org.apache.hadoop.hdfs.server.namenode.FSNamesystem.deleteInternal(FSNamesystem.java:1967)
	at org.apache.hadoop.hdfs.server.namenode.FSNamesystem.delete(FSNamesystem.java:1947)
	at org.apache.hadoop.hdfs.server.namenode.NameNode.delete(NameNode.java:781)
	at sun.reflect.NativeMethodAccessorImpl.invoke0(Native Method)
	at sun.reflect.NativeMethodAccessorImpl.invoke(NativeMethodAccessorImpl.java:57)
	at sun.reflect.DelegatingMethodAccessorImpl.invoke(DelegatingMethodAccessorImpl.java:43)
	at java.lang.reflect.Method.invoke(Method.java:606)
	at org.apache.hadoop.ipc.RPC$Server.call(RPC.java:563)
	at org.apache.hadoop.ipc.Server$Handler$1.run(Server.java:1388)
	at org.apache.hadoop.ipc.Server$Handler$1.run(Server.java:1384)
	at java.security.AccessController.doPrivileged(Native Method)
	at javax.security.auth.Subject.doAs(Subject.java:415)
	at org.apache.hadoop.security.UserGroupInformation.doAs(UserGroupInformation.java:1059)
	at org.apache.hadoop.ipc.Server$Handler.run(Server.java:1382)
2014-04-16 10:01:23,161 INFO org.apache.hadoop.ipc.Server: IPC Server handler 7 on 54310, call delete(/var/hadoop/hdfs/mapred/system, true) from 127.0.0.1:35354: error: org.apache.hadoop.hdfs.server.namenode.SafeModeException: Cannot delete /var/hadoop/hdfs/mapred/system. Name node is in safe mode.
The ratio of reported blocks 1,0000 has reached the threshold 0,9990. Safe mode will be turned off automatically in 16 seconds.
org.apache.hadoop.hdfs.server.namenode.SafeModeException: Cannot delete /var/hadoop/hdfs/mapred/system. Name node is in safe mode.
The ratio of reported blocks 1,0000 has reached the threshold 0,9990. Safe mode will be turned off automatically in 16 seconds.
	at org.apache.hadoop.hdfs.server.namenode.FSNamesystem.deleteInternal(FSNamesystem.java:1967)
	at org.apache.hadoop.hdfs.server.namenode.FSNamesystem.delete(FSNamesystem.java:1947)
	at org.apache.hadoop.hdfs.server.namenode.NameNode.delete(NameNode.java:781)
	at sun.reflect.NativeMethodAccessorImpl.invoke0(Native Method)
	at sun.reflect.NativeMethodAccessorImpl.invoke(NativeMethodAccessorImpl.java:57)
	at sun.reflect.DelegatingMethodAccessorImpl.invoke(DelegatingMethodAccessorImpl.java:43)
	at java.lang.reflect.Method.invoke(Method.java:606)
	at org.apache.hadoop.ipc.RPC$Server.call(RPC.java:563)
	at org.apache.hadoop.ipc.Server$Handler$1.run(Server.java:1388)
	at org.apache.hadoop.ipc.Server$Handler$1.run(Server.java:1384)
	at java.security.AccessController.doPrivileged(Native Method)
	at javax.security.auth.Subject.doAs(Subject.java:415)
	at org.apache.hadoop.security.UserGroupInformation.doAs(UserGroupInformation.java:1059)
	at org.apache.hadoop.ipc.Server$Handler.run(Server.java:1382)
2014-04-16 10:01:29,950 INFO org.apache.hadoop.hdfs.StateChange: STATE* Safe mode ON. 
The ratio of reported blocks 1,0000 has reached the threshold 0,9990. Safe mode will be turned off automatically in 9 seconds.
2014-04-16 10:01:33,168 INFO org.apache.hadoop.ipc.Server: IPC Server handler 3 on 54310, call delete(/var/hadoop/hdfs/mapred/system, true) from 127.0.0.1:35355: error: org.apache.hadoop.hdfs.server.namenode.SafeModeException: Cannot delete /var/hadoop/hdfs/mapred/system. Name node is in safe mode.
The ratio of reported blocks 1,0000 has reached the threshold 0,9990. Safe mode will be turned off automatically in 6 seconds.
org.apache.hadoop.hdfs.server.namenode.SafeModeException: Cannot delete /var/hadoop/hdfs/mapred/system. Name node is in safe mode.
The ratio of reported blocks 1,0000 has reached the threshold 0,9990. Safe mode will be turned off automatically in 6 seconds.
	at org.apache.hadoop.hdfs.server.namenode.FSNamesystem.deleteInternal(FSNamesystem.java:1967)
	at org.apache.hadoop.hdfs.server.namenode.FSNamesystem.delete(FSNamesystem.java:1947)
	at org.apache.hadoop.hdfs.server.namenode.NameNode.delete(NameNode.java:781)
	at sun.reflect.NativeMethodAccessorImpl.invoke0(Native Method)
	at sun.reflect.NativeMethodAccessorImpl.invoke(NativeMethodAccessorImpl.java:57)
	at sun.reflect.DelegatingMethodAccessorImpl.invoke(DelegatingMethodAccessorImpl.java:43)
	at java.lang.reflect.Method.invoke(Method.java:606)
	at org.apache.hadoop.ipc.RPC$Server.call(RPC.java:563)
	at org.apache.hadoop.ipc.Server$Handler$1.run(Server.java:1388)
	at org.apache.hadoop.ipc.Server$Handler$1.run(Server.java:1384)
	at java.security.AccessController.doPrivileged(Native Method)
	at javax.security.auth.Subject.doAs(Subject.java:415)
	at org.apache.hadoop.security.UserGroupInformation.doAs(UserGroupInformation.java:1059)
	at org.apache.hadoop.ipc.Server$Handler.run(Server.java:1382)
2014-04-16 10:01:39,964 INFO org.apache.hadoop.hdfs.server.namenode.FSNamesystem: Total number of blocks = 5
2014-04-16 10:01:39,964 INFO org.apache.hadoop.hdfs.server.namenode.FSNamesystem: Number of invalid blocks = 0
2014-04-16 10:01:39,964 INFO org.apache.hadoop.hdfs.server.namenode.FSNamesystem: Number of under-replicated blocks = 0
2014-04-16 10:01:39,964 INFO org.apache.hadoop.hdfs.server.namenode.FSNamesystem: Number of  over-replicated blocks = 0
2014-04-16 10:01:39,964 INFO org.apache.hadoop.hdfs.StateChange: STATE* Safe mode termination scan for invalid, over- and under-replicated blocks completed in 12 msec
2014-04-16 10:01:39,964 INFO org.apache.hadoop.hdfs.StateChange: STATE* Leaving safe mode after 32 secs.
2014-04-16 10:01:39,964 INFO org.apache.hadoop.hdfs.StateChange: STATE* Safe mode is OFF.
2014-04-16 10:01:39,964 INFO org.apache.hadoop.hdfs.StateChange: STATE* Network topology has 1 racks and 1 datanodes
2014-04-16 10:01:39,965 INFO org.apache.hadoop.hdfs.StateChange: STATE* UnderReplicatedBlocks has 0 blocks
2014-04-16 10:01:41,170 INFO org.apache.hadoop.hdfs.server.namenode.FSNamesystem: ReplicateQueue QueueProcessingStatistics: First cycle completed 0 blocks in 0 msec
2014-04-16 10:01:41,170 INFO org.apache.hadoop.hdfs.server.namenode.FSNamesystem: ReplicateQueue QueueProcessingStatistics: Queue flush completed 0 blocks in 0 msec processing time, 0 msec clock time, 1 cycles
2014-04-16 10:01:41,170 INFO org.apache.hadoop.hdfs.server.namenode.FSNamesystem: InvalidateQueue QueueProcessingStatistics: First cycle completed 0 blocks in 0 msec
2014-04-16 10:01:41,170 INFO org.apache.hadoop.hdfs.server.namenode.FSNamesystem: InvalidateQueue QueueProcessingStatistics: Queue flush completed 0 blocks in 0 msec processing time, 0 msec clock time, 1 cycles
2014-04-16 10:01:43,173 INFO org.apache.hadoop.hdfs.StateChange: BLOCK* NameSystem.addToInvalidates: blk_5322875569555384371 is added to invalidSet of 127.0.0.1:50010
2014-04-16 10:01:43,372 INFO org.apache.hadoop.hdfs.StateChange: BLOCK* NameSystem.allocateBlock: /var/hadoop/hdfs/mapred/system/jobtracker.info. blk_-3079446653509932052_1013
2014-04-16 10:01:43,404 INFO org.apache.hadoop.hdfs.StateChange: BLOCK* NameSystem.addStoredBlock: blockMap updated: 127.0.0.1:50010 is added to blk_-3079446653509932052_1013 size 4
2014-04-16 10:01:43,405 INFO org.apache.hadoop.hdfs.StateChange: Removing lease on  file /var/hadoop/hdfs/mapred/system/jobtracker.info from client DFSClient_-1859084577
2014-04-16 10:01:43,405 INFO org.apache.hadoop.hdfs.StateChange: DIR* NameSystem.completeFile: file /var/hadoop/hdfs/mapred/system/jobtracker.info is closed by DFSClient_-1859084577
2014-04-16 10:01:44,170 INFO org.apache.hadoop.hdfs.StateChange: BLOCK* ask 127.0.0.1:50010 to delete  blk_5322875569555384371_1002
2014-04-16 10:05:25,023 INFO org.apache.hadoop.hdfs.StateChange: *BLOCK* NameSystem.processReport: from 127.0.0.1:50010, blocks: 5, processing time: 0 msecs
2014-04-16 10:06:11,464 INFO org.apache.hadoop.hdfs.server.namenode.FSNamesystem: Roll Edit Log from 127.0.0.1
2014-04-16 10:06:11,464 INFO org.apache.hadoop.hdfs.server.namenode.FSNamesystem: Number of transactions: 7 Total time for transactions(ms): 0Number of transactions batched in Syncs: 0 Number of syncs: 6 SyncTimes(ms): 128 
2014-04-16 10:06:12,927 INFO org.apache.hadoop.hdfs.server.namenode.FSNamesystem: Roll FSImage from 127.0.0.1
2014-04-16 10:06:12,928 INFO org.apache.hadoop.hdfs.server.namenode.FSNamesystem: Number of transactions: 0 Total time for transactions(ms): 0Number of transactions batched in Syncs: 0 Number of syncs: 1 SyncTimes(ms): 100 
2014-04-16 10:12:49,596 WARN org.apache.hadoop.ipc.Server: Incorrect header or version mismatch from 127.0.0.1:35367 got version 47 expected version 4
2014-04-16 10:14:39,830 INFO org.apache.hadoop.hdfs.server.namenode.NameNode: SHUTDOWN_MSG: 
/************************************************************
SHUTDOWN_MSG: Shutting down NameNode at asusnotebook/127.0.0.1
************************************************************/
