2014-04-16 13:34:29,365 INFO org.apache.hadoop.hdfs.server.namenode.SecondaryNameNode: STARTUP_MSG: 
/************************************************************
STARTUP_MSG: Starting SecondaryNameNode
STARTUP_MSG:   host = hp/127.0.0.1
STARTUP_MSG:   args = []
STARTUP_MSG:   version = 0.20.205.0
STARTUP_MSG:   build = https://svn.apache.org/repos/asf/hadoop/common/branches/branch-0.20-security-205 -r 1179940; compiled by 'hortonfo' on Fri Oct  7 06:26:14 UTC 2011
************************************************************/
2014-04-16 13:34:30,196 INFO org.apache.hadoop.hdfs.server.namenode.SecondaryNameNode: Starting web server as: MaC
2014-04-16 13:34:30,269 INFO org.mortbay.log: Logging to org.slf4j.impl.Log4jLoggerAdapter(org.mortbay.log) via org.mortbay.log.Slf4jLog
2014-04-16 13:34:30,383 INFO org.apache.hadoop.http.HttpServer: Added global filtersafety (class=org.apache.hadoop.http.HttpServer$QuotingInputFilter)
2014-04-16 13:34:30,387 INFO org.apache.hadoop.http.HttpServer: Port returned by webServer.getConnectors()[0].getLocalPort() before open() is -1. Opening the listener on 50090
2014-04-16 13:34:30,389 INFO org.apache.hadoop.http.HttpServer: listener.getLocalPort() returned 50090 webServer.getConnectors()[0].getLocalPort() returned 50090
2014-04-16 13:34:30,389 INFO org.apache.hadoop.http.HttpServer: Jetty bound to port 50090
2014-04-16 13:34:30,389 INFO org.mortbay.log: jetty-6.1.26
2014-04-16 13:34:30,429 WARN org.mortbay.log: Web application not found file:/var/hadoop/share/hadoop/webapps/secondary
2014-04-16 13:34:30,430 WARN org.mortbay.log: Failed startup of context org.mortbay.jetty.webapp.WebAppContext@20cb31e2{/,file:/var/hadoop/share/hadoop/webapps/secondary}
java.io.FileNotFoundException: file:/var/hadoop/share/hadoop/webapps/secondary
	at org.mortbay.jetty.webapp.WebAppContext.resolveWebApp(WebAppContext.java:997)
	at org.mortbay.jetty.webapp.WebAppContext.getWebInf(WebAppContext.java:832)
	at org.mortbay.jetty.webapp.WebInfConfiguration.configureClassLoader(WebInfConfiguration.java:62)
	at org.mortbay.jetty.webapp.WebAppContext.doStart(WebAppContext.java:489)
	at org.mortbay.component.AbstractLifeCycle.start(AbstractLifeCycle.java:50)
	at org.mortbay.jetty.handler.HandlerCollection.doStart(HandlerCollection.java:152)
	at org.mortbay.jetty.handler.ContextHandlerCollection.doStart(ContextHandlerCollection.java:156)
	at org.mortbay.component.AbstractLifeCycle.start(AbstractLifeCycle.java:50)
	at org.mortbay.jetty.handler.HandlerWrapper.doStart(HandlerWrapper.java:130)
	at org.mortbay.jetty.Server.doStart(Server.java:224)
	at org.mortbay.component.AbstractLifeCycle.start(AbstractLifeCycle.java:50)
	at org.apache.hadoop.http.HttpServer.start(HttpServer.java:617)
	at org.apache.hadoop.hdfs.server.namenode.SecondaryNameNode$1.run(SecondaryNameNode.java:216)
	at org.apache.hadoop.hdfs.server.namenode.SecondaryNameNode$1.run(SecondaryNameNode.java:190)
	at java.security.AccessController.doPrivileged(Native Method)
	at javax.security.auth.Subject.doAs(Subject.java:415)
	at org.apache.hadoop.security.UserGroupInformation.doAs(UserGroupInformation.java:1059)
	at org.apache.hadoop.hdfs.server.namenode.SecondaryNameNode.initialize(SecondaryNameNode.java:190)
	at org.apache.hadoop.hdfs.server.namenode.SecondaryNameNode.<init>(SecondaryNameNode.java:129)
	at org.apache.hadoop.hdfs.server.namenode.SecondaryNameNode.main(SecondaryNameNode.java:567)
2014-04-16 13:34:30,482 INFO org.mortbay.log: Started SelectChannelConnector@0.0.0.0:50090
2014-04-16 13:34:30,482 INFO org.apache.hadoop.hdfs.server.namenode.SecondaryNameNode: Web server init done
2014-04-16 13:34:30,482 INFO org.apache.hadoop.hdfs.server.namenode.SecondaryNameNode: Secondary Web-server up at: 0.0.0.0:50090
2014-04-16 13:34:30,482 INFO org.apache.hadoop.hdfs.server.namenode.SecondaryNameNode: Secondary image servlet up at: 0.0.0.0:50090
2014-04-16 13:34:30,482 WARN org.apache.hadoop.hdfs.server.namenode.SecondaryNameNode: Checkpoint Period   :3600 secs (60 min)
2014-04-16 13:34:30,482 WARN org.apache.hadoop.hdfs.server.namenode.SecondaryNameNode: Log Size Trigger    :67108864 bytes (65536 KB)
