2014-04-16 13:34:31,729 INFO org.apache.hadoop.mapred.TaskTracker: STARTUP_MSG: 
/************************************************************
STARTUP_MSG: Starting TaskTracker
STARTUP_MSG:   host = hp/127.0.0.1
STARTUP_MSG:   args = []
STARTUP_MSG:   version = 0.20.205.0
STARTUP_MSG:   build = https://svn.apache.org/repos/asf/hadoop/common/branches/branch-0.20-security-205 -r 1179940; compiled by 'hortonfo' on Fri Oct  7 06:26:14 UTC 2011
************************************************************/
2014-04-16 13:34:32,025 INFO org.apache.hadoop.metrics2.impl.MetricsConfig: loaded properties from hadoop-metrics2.properties
2014-04-16 13:34:32,120 INFO org.apache.hadoop.metrics2.impl.MetricsSourceAdapter: MBean for source MetricsSystem,sub=Stats registered.
2014-04-16 13:34:32,121 INFO org.apache.hadoop.metrics2.impl.MetricsSystemImpl: Scheduled snapshot period at 10 second(s).
2014-04-16 13:34:32,121 INFO org.apache.hadoop.metrics2.impl.MetricsSystemImpl: TaskTracker metrics system started
2014-04-16 13:34:32,274 INFO org.apache.hadoop.metrics2.impl.MetricsSourceAdapter: MBean for source ugi registered.
2014-04-16 13:34:32,279 WARN org.apache.hadoop.metrics2.impl.MetricsSystemImpl: Source name ugi already exists!
2014-04-16 13:34:32,612 INFO org.mortbay.log: Logging to org.slf4j.impl.Log4jLoggerAdapter(org.mortbay.log) via org.mortbay.log.Slf4jLog
2014-04-16 13:34:32,693 INFO org.apache.hadoop.http.HttpServer: Added global filtersafety (class=org.apache.hadoop.http.HttpServer$QuotingInputFilter)
2014-04-16 13:34:32,724 INFO org.apache.hadoop.mapred.TaskLogsTruncater: Initializing logs' truncater with mapRetainSize=-1 and reduceRetainSize=-1
2014-04-16 13:34:32,727 INFO org.apache.hadoop.mapred.TaskTracker: Starting tasktracker with owner as MaC
2014-04-16 13:34:32,729 INFO org.apache.hadoop.mapred.TaskTracker: Good mapred local directories are: /var/hadoop/hdfs/mapred/local
2014-04-16 13:34:32,735 WARN org.apache.hadoop.util.NativeCodeLoader: Unable to load native-hadoop library for your platform... using builtin-java classes where applicable
2014-04-16 13:34:32,741 INFO org.apache.hadoop.metrics2.impl.MetricsSourceAdapter: MBean for source jvm registered.
2014-04-16 13:34:32,742 INFO org.apache.hadoop.metrics2.impl.MetricsSourceAdapter: MBean for source TaskTrackerMetrics registered.
2014-04-16 13:34:32,755 INFO org.apache.hadoop.ipc.Server: Starting SocketReader
2014-04-16 13:34:32,758 INFO org.apache.hadoop.metrics2.impl.MetricsSourceAdapter: MBean for source RpcDetailedActivityForPort57219 registered.
2014-04-16 13:34:32,758 INFO org.apache.hadoop.metrics2.impl.MetricsSourceAdapter: MBean for source RpcActivityForPort57219 registered.
2014-04-16 13:34:32,760 INFO org.apache.hadoop.ipc.Server: IPC Server Responder: starting
2014-04-16 13:34:32,760 INFO org.apache.hadoop.ipc.Server: IPC Server listener on 57219: starting
2014-04-16 13:34:32,761 INFO org.apache.hadoop.ipc.Server: IPC Server handler 0 on 57219: starting
2014-04-16 13:34:32,761 INFO org.apache.hadoop.ipc.Server: IPC Server handler 1 on 57219: starting
2014-04-16 13:34:32,762 INFO org.apache.hadoop.ipc.Server: IPC Server handler 2 on 57219: starting
2014-04-16 13:34:32,762 INFO org.apache.hadoop.ipc.Server: IPC Server handler 3 on 57219: starting
2014-04-16 13:34:32,762 INFO org.apache.hadoop.mapred.TaskTracker: TaskTracker up at: localhost.localdomain/127.0.0.1:57219
2014-04-16 13:34:32,762 INFO org.apache.hadoop.mapred.TaskTracker: Starting tracker tracker_localhost.localdomain:localhost.localdomain/127.0.0.1:57219
2014-04-16 13:34:32,792 INFO org.apache.hadoop.mapred.TaskTracker: Starting thread: Map-events fetcher for all reduce tasks on tracker_localhost.localdomain:localhost.localdomain/127.0.0.1:57219
2014-04-16 13:34:32,835 INFO org.apache.hadoop.util.ProcessTree: setsid exited with exit code 0
2014-04-16 13:34:32,848 INFO org.apache.hadoop.mapred.TaskTracker:  Using ResourceCalculatorPlugin : org.apache.hadoop.util.LinuxResourceCalculatorPlugin@2b462811
2014-04-16 13:34:32,850 WARN org.apache.hadoop.mapred.TaskTracker: TaskTracker's totalMemoryAllottedForTasks is -1. TaskMemoryManager is disabled.
2014-04-16 13:34:32,853 INFO org.apache.hadoop.mapred.IndexCache: IndexCache created with max memory = 10485760
2014-04-16 13:34:32,865 INFO org.apache.hadoop.metrics2.impl.MetricsSourceAdapter: MBean for source ShuffleServerMetrics registered.
2014-04-16 13:34:32,867 INFO org.apache.hadoop.http.HttpServer: Port returned by webServer.getConnectors()[0].getLocalPort() before open() is -1. Opening the listener on 50060
2014-04-16 13:34:32,867 INFO org.apache.hadoop.http.HttpServer: listener.getLocalPort() returned 50060 webServer.getConnectors()[0].getLocalPort() returned 50060
2014-04-16 13:34:32,867 INFO org.apache.hadoop.http.HttpServer: Jetty bound to port 50060
2014-04-16 13:34:32,867 INFO org.mortbay.log: jetty-6.1.26
2014-04-16 13:34:33,220 INFO org.mortbay.log: Started SelectChannelConnector@0.0.0.0:50060
2014-04-16 13:34:33,220 INFO org.apache.hadoop.mapred.TaskTracker: FILE_CACHE_SIZE for mapOutputServlet set to : 2000
2014-04-16 13:36:03,574 INFO org.apache.hadoop.mapred.TaskTracker: LaunchTaskAction (registerTask): attempt_201404161334_0001_m_000002_0 task's state:UNASSIGNED
2014-04-16 13:36:03,576 INFO org.apache.hadoop.mapred.TaskTracker: Trying to launch : attempt_201404161334_0001_m_000002_0 which needs 1 slots
2014-04-16 13:36:03,577 INFO org.apache.hadoop.mapred.TaskTracker: In TaskLauncher, current free slots : 2 and trying to launch attempt_201404161334_0001_m_000002_0 which needs 1 slots
2014-04-16 13:36:03,867 INFO org.apache.hadoop.mapred.JobLocalizer: Initializing user MaC on this TT.
2014-04-16 13:36:04,020 INFO org.apache.hadoop.mapred.JvmManager: In JvmRunner constructed JVM ID: jvm_201404161334_0001_m_-1152881365
2014-04-16 13:36:04,021 INFO org.apache.hadoop.mapred.JvmManager: JVM Runner jvm_201404161334_0001_m_-1152881365 spawned.
2014-04-16 13:36:04,022 INFO org.apache.hadoop.mapred.TaskController: Writing commands to /var/hadoop/hdfs/mapred/local/ttprivate/taskTracker/MaC/jobcache/job_201404161334_0001/attempt_201404161334_0001_m_000002_0/taskjvm.sh
2014-04-16 13:36:04,620 INFO org.apache.hadoop.mapred.TaskTracker: JVM with ID: jvm_201404161334_0001_m_-1152881365 given task: attempt_201404161334_0001_m_000002_0
2014-04-16 13:36:08,222 INFO org.apache.hadoop.mapred.TaskTracker: attempt_201404161334_0001_m_000002_0 0.0% setup
2014-04-16 13:36:08,225 INFO org.apache.hadoop.mapred.TaskTracker: Task attempt_201404161334_0001_m_000002_0 is done.
2014-04-16 13:36:08,225 INFO org.apache.hadoop.mapred.TaskTracker: reported output size for attempt_201404161334_0001_m_000002_0  was -1
2014-04-16 13:36:08,226 INFO org.apache.hadoop.mapred.TaskTracker: addFreeSlot : current free slots : 2
2014-04-16 13:36:08,490 INFO org.apache.hadoop.mapred.JvmManager: JVM : jvm_201404161334_0001_m_-1152881365 exited with exit code 0. Number of tasks it ran: 1
2014-04-16 13:36:09,608 INFO org.apache.hadoop.mapred.TaskTracker: LaunchTaskAction (registerTask): attempt_201404161334_0001_m_000000_0 task's state:UNASSIGNED
2014-04-16 13:36:09,608 INFO org.apache.hadoop.mapred.TaskTracker: Trying to launch : attempt_201404161334_0001_m_000000_0 which needs 1 slots
2014-04-16 13:36:09,608 INFO org.apache.hadoop.mapred.TaskTracker: Received KillTaskAction for task: attempt_201404161334_0001_m_000002_0
2014-04-16 13:36:09,608 INFO org.apache.hadoop.mapred.TaskTracker: In TaskLauncher, current free slots : 2 and trying to launch attempt_201404161334_0001_m_000000_0 which needs 1 slots
2014-04-16 13:36:09,608 INFO org.apache.hadoop.mapred.TaskTracker: About to purge task: attempt_201404161334_0001_m_000002_0
2014-04-16 13:36:09,609 INFO org.apache.hadoop.mapred.IndexCache: Map ID attempt_201404161334_0001_m_000002_0 not found in cache
2014-04-16 13:36:09,614 INFO org.apache.hadoop.mapred.JvmManager: In JvmRunner constructed JVM ID: jvm_201404161334_0001_m_414221187
2014-04-16 13:36:09,615 INFO org.apache.hadoop.mapred.JvmManager: JVM Runner jvm_201404161334_0001_m_414221187 spawned.
2014-04-16 13:36:09,618 INFO org.apache.hadoop.mapred.TaskController: Writing commands to /var/hadoop/hdfs/mapred/local/ttprivate/taskTracker/MaC/jobcache/job_201404161334_0001/attempt_201404161334_0001_m_000000_0/taskjvm.sh
2014-04-16 13:36:10,247 INFO org.apache.hadoop.mapred.TaskTracker: JVM with ID: jvm_201404161334_0001_m_414221187 given task: attempt_201404161334_0001_m_000000_0
2014-04-16 13:36:13,834 INFO org.apache.hadoop.mapred.TaskTracker: attempt_201404161334_0001_m_000000_0 1.0% 
2014-04-16 13:36:13,837 INFO org.apache.hadoop.mapred.TaskTracker: Task attempt_201404161334_0001_m_000000_0 is done.
2014-04-16 13:36:13,837 INFO org.apache.hadoop.mapred.TaskTracker: reported output size for attempt_201404161334_0001_m_000000_0  was 740514
2014-04-16 13:36:13,838 INFO org.apache.hadoop.mapred.TaskTracker: addFreeSlot : current free slots : 2
2014-04-16 13:36:14,033 INFO org.apache.hadoop.mapred.JvmManager: JVM : jvm_201404161334_0001_m_414221187 exited with exit code 0. Number of tasks it ran: 1
2014-04-16 13:36:15,647 INFO org.apache.hadoop.mapred.TaskTracker: LaunchTaskAction (registerTask): attempt_201404161334_0001_r_000000_0 task's state:UNASSIGNED
2014-04-16 13:36:15,647 INFO org.apache.hadoop.mapred.TaskTracker: Trying to launch : attempt_201404161334_0001_r_000000_0 which needs 1 slots
2014-04-16 13:36:15,648 INFO org.apache.hadoop.mapred.TaskTracker: In TaskLauncher, current free slots : 2 and trying to launch attempt_201404161334_0001_r_000000_0 which needs 1 slots
2014-04-16 13:36:15,654 INFO org.apache.hadoop.mapred.JvmManager: In JvmRunner constructed JVM ID: jvm_201404161334_0001_r_-1152881365
2014-04-16 13:36:15,654 INFO org.apache.hadoop.mapred.JvmManager: JVM Runner jvm_201404161334_0001_r_-1152881365 spawned.
2014-04-16 13:36:15,657 INFO org.apache.hadoop.mapred.TaskController: Writing commands to /var/hadoop/hdfs/mapred/local/ttprivate/taskTracker/MaC/jobcache/job_201404161334_0001/attempt_201404161334_0001_r_000000_0/taskjvm.sh
2014-04-16 13:36:16,292 INFO org.apache.hadoop.mapred.TaskTracker: JVM with ID: jvm_201404161334_0001_r_-1152881365 given task: attempt_201404161334_0001_r_000000_0
2014-04-16 13:36:22,293 INFO org.apache.hadoop.mapred.TaskTracker.clienttrace: src: 127.0.0.1:50060, dest: 127.0.0.1:57613, bytes: 740514, op: MAPRED_SHUFFLE, cliID: attempt_201404161334_0001_m_000000_0, duration: 31860431
2014-04-16 13:36:22,944 INFO org.apache.hadoop.mapred.TaskTracker: attempt_201404161334_0001_r_000000_0 0.0% reduce > copy > 
2014-04-16 13:36:23,045 INFO org.apache.hadoop.mapred.TaskTracker: attempt_201404161334_0001_r_000000_0 0.0% reduce > copy > 
2014-04-16 13:36:23,229 INFO org.apache.hadoop.mapred.TaskTracker: attempt_201404161334_0001_r_000000_0 0.0% reduce > copy > 
2014-04-16 13:36:23,803 INFO org.apache.hadoop.mapred.TaskTracker: Task attempt_201404161334_0001_r_000000_0 is in commit-pending, task state:COMMIT_PENDING
2014-04-16 13:36:23,804 INFO org.apache.hadoop.mapred.TaskTracker: attempt_201404161334_0001_r_000000_0 0.0% reduce > copy > 
2014-04-16 13:36:24,671 INFO org.apache.hadoop.mapred.TaskTracker: Received commit task action for attempt_201404161334_0001_r_000000_0
2014-04-16 13:36:25,988 INFO org.apache.hadoop.mapred.TaskTracker: attempt_201404161334_0001_r_000000_0 1.0% reduce > reduce
2014-04-16 13:36:25,991 INFO org.apache.hadoop.mapred.TaskTracker: attempt_201404161334_0001_r_000000_0 1.0% reduce > reduce
2014-04-16 13:36:25,992 INFO org.apache.hadoop.mapred.TaskTracker: Task attempt_201404161334_0001_r_000000_0 is done.
2014-04-16 13:36:25,993 INFO org.apache.hadoop.mapred.TaskTracker: reported output size for attempt_201404161334_0001_r_000000_0  was -1
2014-04-16 13:36:25,993 INFO org.apache.hadoop.mapred.TaskTracker: addFreeSlot : current free slots : 2
2014-04-16 13:36:26,124 INFO org.apache.hadoop.mapred.JvmManager: JVM : jvm_201404161334_0001_r_-1152881365 exited with exit code 0. Number of tasks it ran: 1
2014-04-16 13:36:27,691 INFO org.apache.hadoop.mapred.TaskTracker: LaunchTaskAction (registerTask): attempt_201404161334_0001_m_000001_0 task's state:UNASSIGNED
2014-04-16 13:36:27,691 INFO org.apache.hadoop.mapred.TaskTracker: Trying to launch : attempt_201404161334_0001_m_000001_0 which needs 1 slots
2014-04-16 13:36:27,691 INFO org.apache.hadoop.mapred.TaskTracker: In TaskLauncher, current free slots : 2 and trying to launch attempt_201404161334_0001_m_000001_0 which needs 1 slots
2014-04-16 13:36:27,692 INFO org.apache.hadoop.mapred.TaskTracker: Received KillTaskAction for task: attempt_201404161334_0001_r_000000_0
2014-04-16 13:36:27,692 INFO org.apache.hadoop.mapred.TaskTracker: About to purge task: attempt_201404161334_0001_r_000000_0
2014-04-16 13:36:27,699 INFO org.apache.hadoop.mapred.JvmManager: In JvmRunner constructed JVM ID: jvm_201404161334_0001_m_-1501050064
2014-04-16 13:36:27,699 INFO org.apache.hadoop.mapred.JvmManager: JVM Runner jvm_201404161334_0001_m_-1501050064 spawned.
2014-04-16 13:36:27,701 INFO org.apache.hadoop.mapred.TaskController: Writing commands to /var/hadoop/hdfs/mapred/local/ttprivate/taskTracker/MaC/jobcache/job_201404161334_0001/attempt_201404161334_0001_m_000001_0/taskjvm.sh
2014-04-16 13:36:28,314 INFO org.apache.hadoop.mapred.TaskTracker: JVM with ID: jvm_201404161334_0001_m_-1501050064 given task: attempt_201404161334_0001_m_000001_0
2014-04-16 13:36:28,935 INFO org.apache.hadoop.mapred.TaskTracker: attempt_201404161334_0001_m_000001_0 0.0% 
2014-04-16 13:36:31,857 INFO org.apache.hadoop.mapred.TaskTracker: attempt_201404161334_0001_m_000001_0 0.0% cleanup
2014-04-16 13:36:31,860 INFO org.apache.hadoop.mapred.TaskTracker: Task attempt_201404161334_0001_m_000001_0 is done.
2014-04-16 13:36:31,860 INFO org.apache.hadoop.mapred.TaskTracker: reported output size for attempt_201404161334_0001_m_000001_0  was -1
2014-04-16 13:36:31,861 INFO org.apache.hadoop.mapred.TaskTracker: addFreeSlot : current free slots : 2
2014-04-16 13:36:31,929 INFO org.apache.hadoop.mapred.JvmManager: JVM : jvm_201404161334_0001_m_-1501050064 exited with exit code 0. Number of tasks it ran: 1
2014-04-16 13:36:33,774 INFO org.apache.hadoop.mapred.TaskTracker: Received 'KillJobAction' for job: job_201404161334_0001
2014-04-16 13:36:33,775 INFO org.apache.hadoop.mapred.IndexCache: Map ID attempt_201404161334_0001_m_000001_0 not found in cache
2014-04-16 13:36:33,777 INFO org.apache.hadoop.mapred.UserLogCleaner: Adding job_201404161334_0001 for user-log deletion with retainTimeStamp:1397734593776
