2014-04-16 16:12:48,479 INFO org.apache.hadoop.mapred.JobTracker: STARTUP_MSG: 
/************************************************************
STARTUP_MSG: Starting JobTracker
STARTUP_MSG:   host = asusnotebook/127.0.0.1
STARTUP_MSG:   args = []
STARTUP_MSG:   version = 0.20.205.0
STARTUP_MSG:   build = https://svn.apache.org/repos/asf/hadoop/common/branches/branch-0.20-security-205 -r 1179940; compiled by 'hortonfo' on Fri Oct  7 06:26:14 UTC 2011
************************************************************/
2014-04-16 16:12:48,585 INFO org.apache.hadoop.metrics2.impl.MetricsConfig: loaded properties from hadoop-metrics2.properties
2014-04-16 16:12:48,597 INFO org.apache.hadoop.metrics2.impl.MetricsSourceAdapter: MBean for source MetricsSystem,sub=Stats registered.
2014-04-16 16:12:48,599 INFO org.apache.hadoop.metrics2.impl.MetricsSystemImpl: Scheduled snapshot period at 10 second(s).
2014-04-16 16:12:48,599 INFO org.apache.hadoop.metrics2.impl.MetricsSystemImpl: JobTracker metrics system started
2014-04-16 16:12:48,696 INFO org.apache.hadoop.metrics2.impl.MetricsSourceAdapter: MBean for source QueueMetrics,q=default registered.
2014-04-16 16:12:48,814 INFO org.apache.hadoop.metrics2.impl.MetricsSourceAdapter: MBean for source ugi registered.
2014-04-16 16:12:48,814 WARN org.apache.hadoop.metrics2.impl.MetricsSystemImpl: Source name ugi already exists!
2014-04-16 16:12:48,815 INFO org.apache.hadoop.security.token.delegation.AbstractDelegationTokenSecretManager: Updating the current master key for generating delegation tokens
2014-04-16 16:12:48,818 INFO org.apache.hadoop.mapred.JobTracker: Scheduler configured with (memSizeForMapSlotOnJT, memSizeForReduceSlotOnJT, limitMaxMemForMapTasks, limitMaxMemForReduceTasks) (-1, -1, -1, -1)
2014-04-16 16:12:48,819 INFO org.apache.hadoop.security.token.delegation.AbstractDelegationTokenSecretManager: Starting expired delegation token remover thread, tokenRemoverScanInterval=60 min(s)
2014-04-16 16:12:48,819 INFO org.apache.hadoop.security.token.delegation.AbstractDelegationTokenSecretManager: Updating the current master key for generating delegation tokens
2014-04-16 16:12:48,820 INFO org.apache.hadoop.util.HostsFileReader: Refreshing hosts (include/exclude) list
2014-04-16 16:12:48,827 INFO org.apache.hadoop.mapred.JobTracker: Starting jobtracker with owner as MaC
2014-04-16 16:12:48,843 FATAL org.apache.hadoop.mapred.JobTracker: java.net.BindException: Problem binding to hp/192.168.1.36:54311 : No se puede asignar la dirección solicitada
	at org.apache.hadoop.ipc.Server.bind(Server.java:227)
	at org.apache.hadoop.ipc.Server$Listener.<init>(Server.java:301)
	at org.apache.hadoop.ipc.Server.<init>(Server.java:1483)
	at org.apache.hadoop.ipc.RPC$Server.<init>(RPC.java:545)
	at org.apache.hadoop.ipc.RPC.getServer(RPC.java:506)
	at org.apache.hadoop.mapred.JobTracker.<init>(JobTracker.java:2306)
	at org.apache.hadoop.mapred.JobTracker.<init>(JobTracker.java:2192)
	at org.apache.hadoop.mapred.JobTracker.<init>(JobTracker.java:2186)
	at org.apache.hadoop.mapred.JobTracker.startTracker(JobTracker.java:300)
	at org.apache.hadoop.mapred.JobTracker.startTracker(JobTracker.java:291)
	at org.apache.hadoop.mapred.JobTracker.main(JobTracker.java:4978)
Caused by: java.net.BindException: No se puede asignar la dirección solicitada
	at sun.nio.ch.Net.bind0(Native Method)
	at sun.nio.ch.Net.bind(Net.java:444)
	at sun.nio.ch.Net.bind(Net.java:436)
	at sun.nio.ch.ServerSocketChannelImpl.bind(ServerSocketChannelImpl.java:214)
	at sun.nio.ch.ServerSocketAdaptor.bind(ServerSocketAdaptor.java:74)
	at org.apache.hadoop.ipc.Server.bind(Server.java:225)
	... 10 more

2014-04-16 16:12:48,844 INFO org.apache.hadoop.mapred.JobTracker: SHUTDOWN_MSG: 
/************************************************************
SHUTDOWN_MSG: Shutting down JobTracker at asusnotebook/127.0.0.1
************************************************************/
